<?xml version="1.0" encoding="UTF-8"?>
<!-- Generated by org.testng.reporters.JUnitXMLReporter -->
<testsuite ignored="0" hostname="VENKATESH" failures="0" tests="12" name="Default test" time="0.066" errors="0" timestamp="2024-05-19T10:58:26 IST">
  <testcase classname="ParalellExecution.ParalellExecutionClass2" name="testMethod5" time="0.01"/>
  <testcase classname="ParalellExecution.ParalellExecutionClass2" name="testMethod6" time="0.001"/>
  <testcase classname="ParalellExecution.ParalellExecutionClass2" name="testMethod7" time="0.001"/>
  <testcase classname="ParalellExecution.ParalellExecutionClass2" name="testMethod8" time="0.001"/>
  <testcase classname="ParalellExecution.ParalellExecutionClass3" name="testMethod10" time="0.002"/>
  <testcase classname="ParalellExecution.ParalellExecutionClass3" name="testMethod11" time="0.001"/>
  <testcase classname="ParalellExecution.ParalellExecutionClass3" name="testMethod12" time="0.001"/>
  <testcase classname="ParalellExecution.ParalellExecutionClass3" name="testMethod9" time="0.001"/>
  <testcase classname="ParalellExecution.ParalellExecutionClass1" name="testMethod1" time="0.001"/>
  <testcase classname="ParalellExecution.ParalellExecutionClass1" name="testMethod2" time="0.001"/>
  <testcase classname="ParalellExecution.ParalellExecutionClass1" name="testMethod3" time="0.001"/>
  <testcase classname="ParalellExecution.ParalellExecutionClass1" name="testMethod4" time="0.001"/>
</testsuite> <!-- Default test -->
