<?xml version="1.0" encoding="UTF-8"?>
<!-- Generated by org.testng.reporters.JUnitXMLReporter -->
<testsuite ignored="0" hostname="VENKATESH" failures="0" tests="4" name="Test1" time="0.051" errors="0" timestamp="2024-05-19T10:48:16 IST">
  <testcase classname="ParalellExecution.ParalellExecutionClass1" name="testMethod1" time="0.011"/>
  <testcase classname="ParalellExecution.ParalellExecutionClass1" name="testMethod2" time="0.001"/>
  <testcase classname="ParalellExecution.ParalellExecutionClass1" name="testMethod3" time="0.001"/>
  <testcase classname="ParalellExecution.ParalellExecutionClass1" name="testMethod4" time="0.001"/>
</testsuite> <!-- Test1 -->
